<?xml version="1.0" encoding="UTF-8"?>
<testsuite xmlns:xsi="http://www.w3.org/2001/XMLSchema-instance" xsi:noNamespaceSchemaLocation="https://maven.apache.org/surefire/maven-surefire-plugin/xsd/surefire-test-report.xsd" name="com.serviceRest.CustomerInformationApi.CustomerInformationApiApplicationTests" time="14.6" tests="1" errors="1" skipped="0" failures="0">
  <properties>
[...]
</properties>
  <testcase name="findByDocumentTypeAndNumberDocument" classname="com.serviceRest.CustomerInformationApi.CustomerInformationApiApplicationTests" time="0.491">
    <error message="could not execute query; SQL [select customer0_.id as id1_0_, customer0_.address as address2_0_, customer0_.document_type as document3_0_, customer0_.first_lastname as first_la4_0_, customer0_.first_name as first_na5_0_, customer0_.number_document as number_d6_0_, customer0_.phone as phone7_0_, customer0_.residence_city as residenc8_0_, customer0_.second_lastname as second_l9_0_, customer0_.second_name as second_10_0_ from customer customer0_ where customer0_.document_type=? and customer0_.number_document=?]; nested exception is org.hibernate.exception.DataException: could not execute query" type="org.springframework.dao.DataIntegrityViolationException">org.springframework.dao.DataIntegrityViolationException: could not execute query; SQL [select customer0_.id as id1_0_, customer0_.address as address2_0_, customer0_.document_type as document3_0_, customer0_.first_lastname as first_la4_0_, customer0_.first_name as first_na5_0_, customer0_.number_document as number_d6_0_, customer0_.phone as phone7_0_, customer0_.residence_city as residenc8_0_, customer0_.second_lastname as second_l9_0_, customer0_.second_name as second_10_0_ from customer customer0_ where customer0_.document_type=? and customer0_.number_document=?]; nested exception is org.hibernate.exception.DataException: could not execute query
	at com.serviceRest.CustomerInformationApi.CustomerInformationApiApplicationTests.findByDocumentTypeAndNumberDocument(CustomerInformationApiApplicationTests.java:46)
Caused by: org.hibernate.exception.DataException: could not execute query
	at com.serviceRest.CustomerInformationApi.CustomerInformationApiApplicationTests.findByDocumentTypeAndNumberDocument(CustomerInformationApiApplicationTests.java:46)
Caused by: org.postgresql.util.PSQLException: Bad value for type int : 3003775560
	at com.serviceRest.CustomerInformationApi.CustomerInformationApiApplicationTests.findByDocumentTypeAndNumberDocument(CustomerInformationApiApplicationTests.java:46)
</error>
    <system-out><![CDATA[11:37:54.866 [main] DEBUG org.springframework.test.context.BootstrapUtils - Instantiating CacheAwareContextLoaderDelegate from class [org.springframework.test.context.cache.DefaultCacheAwareContextLoaderDelegate]
11:37:54.889 [main] DEBUG org.springframework.test.context.BootstrapUtils - Instantiating BootstrapContext using constructor [public org.springframework.test.context.support.DefaultBootstrapContext(java.lang.Class,org.springframework.test.context.CacheAwareContextLoaderDelegate)]
11:37:54.967 [main] DEBUG org.springframework.test.context.BootstrapUtils - Instantiating TestContextBootstrapper for test class [com.serviceRest.CustomerInformationApi.CustomerInformationApiApplicationTests] from class [org.springframework.boot.test.context.SpringBootTestContextBootstrapper]
11:37:54.995 [main] INFO org.springframework.boot.test.context.SpringBootTestContextBootstrapper - Neither @ContextConfiguration nor @ContextHierarchy found for test class [com.serviceRest.CustomerInformationApi.CustomerInformationApiApplicationTests], using SpringBootContextLoader
11:37:55.005 [main] DEBUG org.springframework.test.context.support.AbstractContextLoader - Did not detect default resource location for test class [com.serviceRest.CustomerInformationApi.CustomerInformationApiApplicationTests]: class path resource [com/serviceRest/CustomerInformationApi/CustomerInformationApiApplicationTests-context.xml] does not exist
11:37:55.007 [main] DEBUG org.springframework.test.context.support.AbstractContextLoader - Did not detect default resource location for test class [com.serviceRest.CustomerInformationApi.CustomerInformationApiApplicationTests]: class path resource [com/serviceRest/CustomerInformationApi/CustomerInformationApiApplicationTestsContext.groovy] does not exist
11:37:55.007 [main] INFO org.springframework.test.context.support.AbstractContextLoader - Could not detect default resource locations for test class [com.serviceRest.CustomerInformationApi.CustomerInformationApiApplicationTests]: no resource found for suffixes {-context.xml, Context.groovy}.
11:37:55.009 [main] INFO org.springframework.test.context.support.AnnotationConfigContextLoaderUtils - Could not detect default configuration classes for test class [com.serviceRest.CustomerInformationApi.CustomerInformationApiApplicationTests]: CustomerInformationApiApplicationTests does not declare any static, non-private, non-final, nested classes annotated with @Configuration.
11:37:55.110 [main] DEBUG org.springframework.test.context.support.ActiveProfilesUtils - Could not find an 'annotation declaring class' for annotation type [org.springframework.test.context.ActiveProfiles] and class [com.serviceRest.CustomerInformationApi.CustomerInformationApiApplicationTests]
11:37:55.279 [main] DEBUG org.springframework.context.annotation.ClassPathScanningCandidateComponentProvider - Identified candidate component class: file [C:\Users\mafuquene\Documents\Prueba tecnica Miguel\PruebaTecnicaNTTData\CustomerInformationApi\target\classes\com\serviceRest\CustomerInformationApi\CustomerInformationApiApplication.class]
11:37:55.281 [main] INFO org.springframework.boot.test.context.SpringBootTestContextBootstrapper - Found @SpringBootConfiguration com.serviceRest.CustomerInformationApi.CustomerInformationApiApplication for test class com.serviceRest.CustomerInformationApi.CustomerInformationApiApplicationTests
11:37:55.566 [main] DEBUG org.springframework.boot.test.context.SpringBootTestContextBootstrapper - @TestExecutionListeners is not present for class [com.serviceRest.CustomerInformationApi.CustomerInformationApiApplicationTests]: using defaults.
11:37:55.568 [main] INFO org.springframework.boot.test.context.SpringBootTestContextBootstrapper - Loaded default TestExecutionListener class names from location [META-INF/spring.factories]: [org.springframework.boot.test.mock.mockito.MockitoTestExecutionListener, org.springframework.boot.test.mock.mockito.ResetMocksTestExecutionListener, org.springframework.boot.test.autoconfigure.restdocs.RestDocsTestExecutionListener, org.springframework.boot.test.autoconfigure.web.client.MockRestServiceServerResetTestExecutionListener, org.springframework.boot.test.autoconfigure.web.servlet.MockMvcPrintOnlyOnFailureTestExecutionListener, org.springframework.boot.test.autoconfigure.web.servlet.WebDriverTestExecutionListener, org.springframework.boot.test.autoconfigure.webservices.client.MockWebServiceServerTestExecutionListener, org.springframework.test.context.web.ServletTestExecutionListener, org.springframework.test.context.support.DirtiesContextBeforeModesTestExecutionListener, org.springframework.test.context.event.ApplicationEventsTestExecutionListener, org.springframework.test.context.support.DependencyInjectionTestExecutionListener, org.springframework.test.context.support.DirtiesContextTestExecutionListener, org.springframework.test.context.transaction.TransactionalTestExecutionListener, org.springframework.test.context.jdbc.SqlScriptsTestExecutionListener, org.springframework.test.context.event.EventPublishingTestExecutionListener]
11:37:55.612 [main] INFO org.springframework.boot.test.context.SpringBootTestContextBootstrapper - Using TestExecutionListeners: [org.springframework.test.context.web.ServletTestExecutionListener@40f70521, org.springframework.test.context.support.DirtiesContextBeforeModesTestExecutionListener@774698ab, org.springframework.test.context.event.ApplicationEventsTestExecutionListener@55342f40, org.springframework.boot.test.mock.mockito.MockitoTestExecutionListener@a4ca3f6, org.springframework.boot.test.autoconfigure.SpringBootDependencyInjectionTestExecutionListener@72ea6193, org.springframework.test.context.support.DirtiesContextTestExecutionListener@31aa3ca5, org.springframework.test.context.transaction.TransactionalTestExecutionListener@45905bff, org.springframework.test.context.jdbc.SqlScriptsTestExecutionListener@2a2c13a8, org.springframework.test.context.event.EventPublishingTestExecutionListener@b6b1987, org.springframework.boot.test.mock.mockito.ResetMocksTestExecutionListener@6b44435b, org.springframework.boot.test.autoconfigure.restdocs.RestDocsTestExecutionListener@2ccca26f, org.springframework.boot.test.autoconfigure.web.client.MockRestServiceServerResetTestExecutionListener@66b7550d, org.springframework.boot.test.autoconfigure.web.servlet.MockMvcPrintOnlyOnFailureTestExecutionListener@3543df7d, org.springframework.boot.test.autoconfigure.web.servlet.WebDriverTestExecutionListener@7c541c15, org.springframework.boot.test.autoconfigure.webservices.client.MockWebServiceServerTestExecutionListener@3542162a]
11:37:55.621 [main] DEBUG org.springframework.test.context.support.AbstractDirtiesContextTestExecutionListener - Before test class: context [DefaultTestContext@77a98a6a testClass = CustomerInformationApiApplicationTests, testInstance = [null], testMethod = [null], testException = [null], mergedContextConfiguration = [WebMergedContextConfiguration@78fbff54 testClass = CustomerInformationApiApplicationTests, locations = '{}', classes = '{class com.serviceRest.CustomerInformationApi.CustomerInformationApiApplication}', contextInitializerClasses = '[]', activeProfiles = '{}', propertySourceLocations = '{}', propertySourceProperties = '{org.springframework.boot.test.context.SpringBootTestContextBootstrapper=true}', contextCustomizers = set[org.springframework.boot.test.context.filter.ExcludeFilterContextCustomizer@5d99c6b5, org.springframework.boot.test.json.DuplicateJsonObjectContextCustomizerFactory$DuplicateJsonObjectContextCustomizer@a82c5f1, org.springframework.boot.test.mock.mockito.MockitoContextCustomizer@0, org.springframework.boot.test.web.client.TestRestTemplateContextCustomizer@44a59da3, org.springframework.boot.test.autoconfigure.actuate.metrics.MetricsExportContextCustomizerFactory$DisableMetricExportContextCustomizer@1e81f160, org.springframework.boot.test.autoconfigure.properties.PropertyMappingContextCustomizer@0, org.springframework.boot.test.autoconfigure.web.servlet.WebDriverContextCustomizerFactory$Customizer@1b8a29df, org.springframework.boot.test.context.SpringBootTestArgs@1, org.springframework.boot.test.context.SpringBootTestWebEnvironment@15eb5ee5], resourceBasePath = 'src/main/webapp', contextLoader = 'org.springframework.boot.test.context.SpringBootContextLoader', parent = [null]], attributes = map['org.springframework.test.context.web.ServletTestExecutionListener.activateListener' -> true]], class annotated with @DirtiesContext [false] with mode [null].

  .   ____          _            __ _ _
 /\\ / ___'_ __ _ _(_)_ __  __ _ \ \ \ \
( ( )\___ | '_ | '_| | '_ \/ _` | \ \ \ \
 \\/  ___)| |_)| | | | | || (_| |  ) ) ) )
  '  |____| .__|_| |_|_| |_\__, | / / / /
 =========|_|==============|___/=/_/_/_/
 :: Spring Boot ::                (v2.7.4)

2022-10-11 11:37:56.513  INFO 17844 --- [           main] C.CustomerInformationApiApplicationTests : Starting CustomerInformationApiApplicationTests using Java 11.0.15.1 on MAFUQUENE with PID 17844 (started by mafuquene in C:\Users\mafuquene\Documents\Prueba tecnica Miguel\PruebaTecnicaNTTData\CustomerInformationApi)
2022-10-11 11:37:56.516  INFO 17844 --- [           main] C.CustomerInformationApiApplicationTests : No active profile set, falling back to 1 default profile: "default"
2022-10-11 11:37:58.360  INFO 17844 --- [           main] .s.d.r.c.RepositoryConfigurationDelegate : Bootstrapping Spring Data JPA repositories in DEFAULT mode.
2022-10-11 11:37:58.509  INFO 17844 --- [           main] .s.d.r.c.RepositoryConfigurationDelegate : Finished Spring Data repository scanning in 125 ms. Found 1 JPA repository interfaces.
2022-10-11 11:38:00.014  INFO 17844 --- [           main] o.hibernate.jpa.internal.util.LogHelper  : HHH000204: Processing PersistenceUnitInfo [name: default]
2022-10-11 11:38:00.175  INFO 17844 --- [           main] org.hibernate.Version                    : HHH000412: Hibernate ORM core version 5.6.11.Final
2022-10-11 11:38:00.605  INFO 17844 --- [           main] o.hibernate.annotations.common.Version   : HCANN000001: Hibernate Commons Annotations {5.1.2.Final}
2022-10-11 11:38:01.820  INFO 17844 --- [           main] com.zaxxer.hikari.HikariDataSource       : HikariPool-1 - Starting...
2022-10-11 11:38:02.480  INFO 17844 --- [           main] com.zaxxer.hikari.HikariDataSource       : HikariPool-1 - Start completed.
2022-10-11 11:38:02.558  INFO 17844 --- [           main] org.hibernate.dialect.Dialect            : HHH000400: Using dialect: org.hibernate.dialect.PostgreSQL95Dialect
2022-10-11 11:38:04.565  INFO 17844 --- [           main] o.h.e.t.j.p.i.JtaPlatformInitiator       : HHH000490: Using JtaPlatform implementation: [org.hibernate.engine.transaction.jta.platform.internal.NoJtaPlatform]
2022-10-11 11:38:04.581  INFO 17844 --- [           main] j.LocalContainerEntityManagerFactoryBean : Initialized JPA EntityManagerFactory for persistence unit 'default'
2022-10-11 11:38:06.453  WARN 17844 --- [           main] JpaBaseConfiguration$JpaWebConfiguration : spring.jpa.open-in-view is enabled by default. Therefore, database queries may be performed during view rendering. Explicitly configure spring.jpa.open-in-view to disable this warning
2022-10-11 11:38:08.066  INFO 17844 --- [           main] C.CustomerInformationApiApplicationTests : Started CustomerInformationApiApplicationTests in 12.328 seconds (JVM running for 14.912)
Hibernate: select customer0_.id as id1_0_, customer0_.address as address2_0_, customer0_.document_type as document3_0_, customer0_.first_lastname as first_la4_0_, customer0_.first_name as first_na5_0_, customer0_.number_document as number_d6_0_, customer0_.phone as phone7_0_, customer0_.residence_city as residenc8_0_, customer0_.second_lastname as second_l9_0_, customer0_.second_name as second_10_0_ from customer customer0_ where customer0_.document_type=? and customer0_.number_document=?
2022-10-11 11:38:09.249  WARN 17844 --- [           main] o.h.engine.jdbc.spi.SqlExceptionHelper   : SQL Error: 0, SQLState: 22003
2022-10-11 11:38:09.249 ERROR 17844 --- [           main] o.h.engine.jdbc.spi.SqlExceptionHelper   : Bad value for type int : 3003775560
]]></system-out>
  </testcase>
</testsuite>